2024-12-07 19:28:00 Loading main app package /usr/lib/obsidian/obsidian.asar
2024-12-07 19:28:00 Checking for update using Github
2024-12-07 19:28:00 Success.
2024-12-07 19:28:00 Latest version is 1.7.7
2024-12-07 19:28:00 App is up to date.
2024-12-07 19:28:43 Loading main app package /usr/lib/obsidian/obsidian.asar
2024-12-07 19:28:43 Checking for update using Github
2024-12-07 19:28:43 Success.
2024-12-07 19:28:43 Latest version is 1.7.7
2024-12-07 19:28:43 App is up to date.
2024-12-07 19:30:12 Loading main app package /usr/lib/obsidian/obsidian.asar
2024-12-07 19:30:12 Checking for update using Github
2024-12-07 19:30:12 Success.
2024-12-07 19:30:12 Latest version is 1.7.7
2024-12-07 19:30:12 App is up to date.
2024-12-07 22:35:14 Loading main app package /usr/lib/obsidian/obsidian.asar
2024-12-07 22:35:14 Checking for update using Github
2024-12-07 22:35:14 Success.
2024-12-07 22:35:14 Latest version is 1.7.7
2024-12-07 22:35:14 App is up to date.
2024-12-07 22:44:26 Loading main app package /usr/lib/obsidian/obsidian.asar
2024-12-07 22:44:27 Checking for update using Github
2024-12-07 22:44:27 Success.
2024-12-07 22:44:27 Latest version is 1.7.7
2024-12-07 22:44:27 App is up to date.
2024-12-07 23:28:43 Loading main app package /usr/lib/obsidian/obsidian.asar
2024-12-07 23:28:44 Checking for update using Github
2024-12-07 23:28:44 Success.
2024-12-07 23:28:44 Latest version is 1.7.7
2024-12-07 23:28:44 App is up to date.
2024-12-08 08:55:18 Loading main app package /usr/lib/obsidian/obsidian.asar
2024-12-08 08:55:18 Checking for update using Github
2024-12-08 08:55:18 Success.
2024-12-08 08:55:18 Latest version is 1.7.7
2024-12-08 08:55:18 App is up to date.
2024-12-08 09:55:18 Checking for update using Github
2024-12-08 09:55:18 Success.
2024-12-08 09:55:18 Latest version is 1.7.7
2024-12-08 09:55:18 App is up to date.
2024-12-09 15:29:13 Loading main app package /usr/lib/obsidian/obsidian.asar
2024-12-09 15:29:14 Checking for update using Github
2024-12-09 15:29:14 Success.
2024-12-09 15:29:14 Latest version is 1.7.7
2024-12-09 15:29:14 App is up to date.
2024-12-09 17:20:12 Checking for update using Github
2024-12-09 17:20:12 Success.
2024-12-09 17:20:12 Latest version is 1.7.7
2024-12-09 17:20:12 App is up to date.
2024-12-09 18:20:12 Checking for update using Github
2024-12-09 18:20:12 Success.
2024-12-09 18:20:12 Latest version is 1.7.7
2024-12-09 18:20:12 App is up to date.
2024-12-09 20:10:36 Checking for update using Github
2024-12-09 20:10:36 Success.
2024-12-09 20:10:36 Latest version is 1.7.7
2024-12-09 20:10:36 App is up to date.
2024-12-12 12:59:45 Loading main app package /usr/lib/obsidian/obsidian.asar
2024-12-12 12:59:46 Checking for update using Github
2024-12-12 12:59:46 Success.
2024-12-12 12:59:46 Latest version is 1.7.7
2024-12-12 12:59:46 App is up to date.
2024-12-12 13:59:46 Checking for update using Github
2024-12-12 13:59:46 Success.
2024-12-12 13:59:46 Latest version is 1.7.7
2024-12-12 13:59:46 App is up to date.
2024-12-12 14:59:46 Checking for update using Github
2024-12-12 14:59:46 Success.
2024-12-12 14:59:46 Latest version is 1.7.7
2024-12-12 14:59:46 App is up to date.
2024-12-15 12:07:38 Loading main app package /usr/lib/obsidian/obsidian.asar
2024-12-15 12:07:38 Checking for update using Github
2024-12-15 12:07:39 Success.
2024-12-15 12:07:39 Latest version is 1.7.7
2024-12-15 12:07:39 App is up to date.
2024-12-15 15:35:35 Loading main app package /usr/lib/obsidian/obsidian.asar
2024-12-15 15:35:36 Checking for update using Github
2024-12-15 15:35:36 Success.
2024-12-15 15:35:36 Latest version is 1.7.7
2024-12-15 15:35:36 App is up to date.
2024-12-15 16:50:20 Checking for update using Github
2024-12-15 16:50:20 Success.
2024-12-15 16:50:20 Latest version is 1.7.7
2024-12-15 16:50:20 App is up to date.
2024-12-15 21:05:47 Loading main app package /usr/lib/obsidian/obsidian.asar
2024-12-15 21:05:47 Checking for update using Github
2024-12-15 21:05:47 Success.
2024-12-15 21:05:47 Latest version is 1.7.7
2024-12-15 21:05:47 App is up to date.
2024-12-16 12:22:35 Loading main app package /usr/lib/obsidian/obsidian.asar
2024-12-16 12:22:36 Checking for update using Github
2024-12-16 12:22:36 Success.
2024-12-16 12:22:36 Latest version is 1.7.7
2024-12-16 12:22:36 App is up to date.
2024-12-16 13:17:39 Loading main app package /usr/lib/obsidian/obsidian.asar
2024-12-16 13:17:39 Checking for update using Github
2024-12-16 13:17:40 Success.
2024-12-16 13:17:40 Latest version is 1.7.7
2024-12-16 13:17:40 App is up to date.
2024-12-17 15:04:28 Loading main app package /usr/lib/obsidian/obsidian.asar
2024-12-17 15:04:29 Checking for update using Github
2024-12-17 15:04:29 Success.
2024-12-17 15:04:29 Latest version is 1.7.7
2024-12-17 15:04:29 App is up to date.
2024-12-17 15:08:32 Loading main app package /usr/lib/obsidian/obsidian.asar
2024-12-17 15:08:33 Checking for update using Github
2024-12-17 15:08:33 Success.
2024-12-17 15:08:33 Latest version is 1.7.7
2024-12-17 15:08:33 App is up to date.
2024-12-18 17:48:27 Loading main app package /usr/lib/obsidian/obsidian.asar
2024-12-18 17:48:27 Checking for update using Github
2024-12-18 17:48:27 Success.
2024-12-18 17:48:27 Latest version is 1.7.7
2024-12-18 17:48:27 App is up to date.
2024-12-18 19:05:22 Loading main app package /usr/lib/obsidian/obsidian.asar
2024-12-18 19:05:23 Checking for update using Github
2024-12-18 19:05:23 Success.
2024-12-18 19:05:23 Latest version is 1.7.7
2024-12-18 19:05:23 App is up to date.
2024-12-19 13:02:12 Loading main app package /usr/lib/obsidian/obsidian.asar
2024-12-19 13:02:12 Checking for update using Github
2024-12-19 13:02:12 Success.
2024-12-19 13:02:12 Latest version is 1.7.7
2024-12-19 13:02:12 App is up to date.
2024-12-19 14:14:45 Checking for update using Github
2024-12-19 14:14:45 Success.
2024-12-19 14:14:45 Latest version is 1.7.7
2024-12-19 14:14:45 App is up to date.
